<?xml version="1.0" encoding="utf-8"?><testsuites><testsuite name="pytest" errors="0" failures="0" skipped="0" tests="16" time="0.723" timestamp="2024-04-22T10:29:59.557662" hostname="MacBook-Pro-43.local"><testcase classname="tests.test_github_repo_request_local" name="test_get_base_repo_url" time="0.000" /><testcase classname="tests.test_github_repo_request_local" name="test_filter_incomplete_urls[data0-0-expected_urls0]" time="0.006" /><testcase classname="tests.test_github_repo_request_local" name="test_filter_incomplete_urls[data1-1-expected_urls1]" time="0.003" /><testcase classname="tests.test_github_repo_request_local" name="test_filter_incomplete_urls[data2-2-expected_urls2]" time="0.001" /><testcase classname="tests.test_github_repo_request_local" name="test_filter_incomplete_urls[data3-0-expected_urls3]" time="0.001" /><testcase classname="tests.test_github_repo_request_local" name="test_filter_incomplete_urls[data4-1-expected_urls4]" time="0.001" /><testcase classname="tests.test_github_repo_request_local" name="test_filter_urls_with_various_data_types[data0-1]" time="0.001" /><testcase classname="tests.test_github_repo_request_local" name="test_filter_urls_with_various_data_types[data1-0]" time="0.001" /><testcase classname="tests.test_github_repo_request_local" name="test_filter_urls_with_various_data_types[data2-2]" time="0.001" /><testcase classname="tests.test_github_repo_request_local" name="test_url_with_special_characters[https://example.com/over/there?name=ferret-True]" time="0.001" /><testcase classname="tests.test_github_repo_request_local" name="test_url_with_special_characters[http://example.com/special'chars-False]" time="0.001" /><testcase classname="tests.test_github_repo_request_local" name="test_url_with_special_characters[http://&lt;notvalid&gt;.com-False]" time="0.001" /><testcase classname="tests.test_github_repo_request_local" name="test_url_with_special_characters[ftp://example.com/resource-False]" time="0.001" /><testcase classname="tests.test_github_repo_request_local" name="test_url_with_special_characters[https://example.com/sub dir-False]" time="0.001" /><testcase classname="tests.test_github_repo_request_local" name="test_url_with_special_characters[https://example.com/&quot;quotes&quot;-False]" time="0.001" /><testcase classname="tests.test_github_repo_request_local" name="test_filter_incomplete_urls_exceptions[data0-ValueError]" time="0.000" /></testsuite></testsuites>
