<?xml version="1.0" encoding="utf-8"?><testsuites><testsuite name="pytest" errors="0" failures="0" skipped="0" tests="0" time="0.017" timestamp="2024-04-03T15:07:31.235581" hostname="MacBook-Pro-2.local" /></testsuites>
